::1 - - [09/Jan/2026:09:35:06 +0000] "DELETE /api/v1/user/freeze-account HTTP/1.1" 500 926 "-" "-"
::1 - - [09/Jan/2026:09:36:19 +0000] "DELETE /api/v1/user/freeze-account HTTP/1.1" 500 926 "-" "-"
::1 - - [09/Jan/2026:09:42:55 +0000] "DELETE /api/v1/user/freeze-account HTTP/1.1" 500 926 "-" "-"
::1 - - [09/Jan/2026:09:43:02 +0000] "DELETE /api/v1/user/freeze-account HTTP/1.1" 500 926 "-" "-"
::1 - - [09/Jan/2026:09:43:23 +0000] "DELETE /api/v1/user/freeze-account HTTP/1.1" 500 926 "-" "-"
::1 - - [09/Jan/2026:09:43:31 +0000] "DELETE /api/v1/user/freeze-account HTTP/1.1" 500 926 "-" "-"
::1 - - [09/Jan/2026:09:44:56 +0000] "DELETE /api/v1/user/freeze-account HTTP/1.1" 500 926 "-" "-"
::1 - - [09/Jan/2026:09:44:57 +0000] "DELETE /api/v1/user/freeze-account HTTP/1.1" 500 926 "-" "-"
::1 - - [09/Jan/2026:09:45:17 +0000] "DELETE /api/v1/user/freeze-account HTTP/1.1" 500 926 "-" "PostmanRuntime/7.51.0"
::1 - - [09/Jan/2026:09:45:46 +0000] "DELETE /api/v1/user/freeze-account HTTP/1.1" 500 926 "-" "-"
::1 - - [09/Jan/2026:09:47:50 +0000] "DELETE /api/v1/user/freeze-account HTTP/1.1" 500 926 "-" "-"
::1 - - [09/Jan/2026:09:55:52 +0000] "DELETE /api/v1/user/freeze-account HTTP/1.1" 500 926 "-" "-"
::1 - - [09/Jan/2026:09:55:53 +0000] "DELETE /api/v1/user/freeze-account HTTP/1.1" 500 926 "-" "-"
::1 - - [09/Jan/2026:09:55:54 +0000] "DELETE /api/v1/user/freeze-account HTTP/1.1" 500 926 "-" "-"
::1 - - [09/Jan/2026:09:56:08 +0000] "DELETE /api/v1/user/freeze-account HTTP/1.1" 500 926 "-" "-"
::1 - - [09/Jan/2026:09:58:47 +0000] "DELETE /api/v1/user/freeze-account HTTP/1.1" 500 926 "-" "-"
::1 - - [09/Jan/2026:10:00:21 +0000] "DELETE /api/v1/user/freeze-account HTTP/1.1" 500 926 "-" "-"
::1 - - [09/Jan/2026:10:00:54 +0000] "DELETE /api/v1/user/freeze-account HTTP/1.1" 500 926 "-" "-"
::1 - - [09/Jan/2026:10:00:55 +0000] "DELETE /api/v1/user/freeze-account HTTP/1.1" 500 926 "-" "-"
::1 - - [09/Jan/2026:10:00:56 +0000] "DELETE /api/v1/user/freeze-account HTTP/1.1" 500 926 "-" "-"
::1 - - [09/Jan/2026:10:01:14 +0000] "DELETE /api/v1/user/freeze-account HTTP/1.1" 500 926 "-" "-"
::1 - - [09/Jan/2026:10:02:17 +0000] "DELETE /api/v1/user/freeze-account HTTP/1.1" 500 926 "-" "-"
::1 - - [09/Jan/2026:10:04:34 +0000] "DELETE /api/v1/user/freeze-account HTTP/1.1" 500 926 "-" "-"
::1 - - [09/Jan/2026:10:04:36 +0000] "DELETE /api/v1/user/freeze-account HTTP/1.1" 500 926 "-" "-"
::1 - - [09/Jan/2026:10:04:51 +0000] "DELETE /api/v1/user/freeze-account HTTP/1.1" 500 926 "-" "-"
::1 - - [09/Jan/2026:10:05:06 +0000] "DELETE /api/v1/user/freeze-account HTTP/1.1" 500 926 "-" "-"
::1 - - [09/Jan/2026:10:05:17 +0000] "DELETE /api/v1/user/freeze-account HTTP/1.1" 500 926 "-" "-"
::1 - - [09/Jan/2026:10:06:55 +0000] "DELETE /api/v1/user/freeze-account HTTP/1.1" 500 926 "-" "-"
::1 - - [09/Jan/2026:10:07:53 +0000] "DELETE /api/v1/user/freeze-account HTTP/1.1" 500 926 "-" "-"
::1 - - [09/Jan/2026:10:07:55 +0000] "DELETE /api/v1/user/freeze-account HTTP/1.1" 500 926 "-" "-"
::1 - - [09/Jan/2026:10:08:48 +0000] "DELETE /api/v1/user/freeze-account HTTP/1.1" 403 856 "-" "-"
::1 - - [09/Jan/2026:10:08:51 +0000] "DELETE /api/v1/user/freeze-account HTTP/1.1" 403 856 "-" "-"
::1 - - [09/Jan/2026:10:11:28 +0000] "DELETE /api/v1/user/freeze-account HTTP/1.1" 403 856 "-" "-"
::1 - - [09/Jan/2026:10:11:30 +0000] "DELETE /api/v1/user/freeze-account HTTP/1.1" 403 856 "-" "-"
::1 - - [09/Jan/2026:10:11:31 +0000] "DELETE /api/v1/user/freeze-account HTTP/1.1" 403 856 "-" "-"
::1 - - [09/Jan/2026:10:11:42 +0000] "DELETE /api/v1/user/freeze-account HTTP/1.1" 403 856 "-" "-"
::1 - - [09/Jan/2026:10:11:59 +0000] "DELETE /api/v1/user/freeze-account HTTP/1.1" 403 856 "-" "-"
::1 - - [09/Jan/2026:10:13:21 +0000] "DELETE /api/v1/user/freeze-account HTTP/1.1" 403 856 "-" "-"
::1 - - [09/Jan/2026:10:13:23 +0000] "DELETE /api/v1/user/freeze-account HTTP/1.1" 403 856 "-" "-"
::1 - - [09/Jan/2026:10:13:28 +0000] "DELETE /api/v1/user/freeze-account HTTP/1.1" 403 856 "-" "-"
::1 - - [09/Jan/2026:10:16:56 +0000] "DELETE /api/v1/user/freeze-account HTTP/1.1" 404 34 "-" "-"
::1 - - [09/Jan/2026:10:18:30 +0000] "DELETE /api/v1/user/freeze-account HTTP/1.1" 404 34 "-" "-"
::1 - - [09/Jan/2026:10:18:32 +0000] "DELETE /api/v1/user/freeze-account HTTP/1.1" 404 34 "-" "-"
::1 - - [09/Jan/2026:10:18:51 +0000] "DELETE /api/v1/user/freeze-account HTTP/1.1" 404 34 "-" "-"
::1 - - [09/Jan/2026:10:18:52 +0000] "DELETE /api/v1/user/freeze-account HTTP/1.1" 404 34 "-" "-"
::1 - - [09/Jan/2026:10:20:09 +0000] "DELETE /api/v1/user/freeze-account HTTP/1.1" 404 34 "-" "-"
::1 - - [09/Jan/2026:10:31:49 +0000] "DELETE /api/v1/user/freeze-account HTTP/1.1" 404 34 "-" "-"
::1 - - [09/Jan/2026:10:31:51 +0000] "DELETE /api/v1/user/freeze-account HTTP/1.1" 404 34 "-" "-"
::1 - - [09/Jan/2026:10:33:56 +0000] "DELETE /api/v1/user/freeze-account HTTP/1.1" 404 34 "-" "-"
::1 - - [09/Jan/2026:10:43:00 +0000] "DELETE /api/v1/user/freeze-account HTTP/1.1" 403 856 "-" "-"
::1 - - [09/Jan/2026:10:43:27 +0000] "DELETE /api/v1/user/freeze-account HTTP/1.1" 403 856 "-" "-"
::1 - - [09/Jan/2026:10:43:30 +0000] "DELETE /api/v1/user/freeze-account HTTP/1.1" 403 856 "-" "-"
::1 - - [09/Jan/2026:10:47:44 +0000] "DELETE /api/v1/user/69463948b399f272e22b73b7/freeze-account HTTP/1.1" 403 848 "-" "-"
::1 - - [09/Jan/2026:10:47:47 +0000] "DELETE /api/v1/user/69463948b399f272e22b73b7/freeze-account HTTP/1.1" 403 848 "-" "-"
::1 - - [09/Jan/2026:10:48:31 +0000] "DELETE /api/v1/user/freeze-account HTTP/1.1" 403 856 "-" "PostmanRuntime/7.51.0"
::1 - - [09/Jan/2026:10:55:52 +0000] "DELETE /api/v1/user/freeze-account HTTP/1.1" 403 856 "-" "PostmanRuntime/7.51.0"
::1 - - [09/Jan/2026:10:57:21 +0000] "DELETE /api/v1/user/freeze-account HTTP/1.1" 403 856 "-" "PostmanRuntime/7.51.0"
::1 - - [09/Jan/2026:10:57:22 +0000] "DELETE /api/v1/user/freeze-account HTTP/1.1" 403 856 "-" "PostmanRuntime/7.51.0"
::1 - - [09/Jan/2026:10:58:12 +0000] "DELETE /api/v1/user/freeze-account HTTP/1.1" 403 856 "-" "PostmanRuntime/7.51.0"
::1 - - [09/Jan/2026:10:58:22 +0000] "POST /api/v1/user/freeze-account HTTP/1.1" 404 34 "-" "PostmanRuntime/7.51.0"
::1 - - [09/Jan/2026:10:58:26 +0000] "PATCH /api/v1/user/freeze-account HTTP/1.1" 404 34 "-" "PostmanRuntime/7.51.0"
::1 - - [09/Jan/2026:10:58:30 +0000] "DELETE /api/v1/user/freeze-account HTTP/1.1" 403 856 "-" "PostmanRuntime/7.51.0"
::1 - - [09/Jan/2026:11:05:27 +0000] "DELETE /api/v1/user/freeze-account HTTP/1.1" 403 856 "-" "PostmanRuntime/7.51.0"
::1 - - [09/Jan/2026:11:05:30 +0000] "DELETE /api/v1/user/freeze-account HTTP/1.1" 403 856 "-" "PostmanRuntime/7.51.0"
::1 - - [09/Jan/2026:11:06:26 +0000] "DELETE /api/v1/user/freeze-account HTTP/1.1" 403 856 "-" "PostmanRuntime/7.51.0"
::1 - - [09/Jan/2026:11:08:13 +0000] "DELETE /api/v1/user/freeze-account HTTP/1.1" 403 856 "-" "PostmanRuntime/7.51.0"
::1 - - [09/Jan/2026:11:08:46 +0000] "DELETE /api/v1/user/freeze-account HTTP/1.1" 403 856 "-" "PostmanRuntime/7.51.0"
::1 - - [09/Jan/2026:11:09:52 +0000] "DELETE /api/v1/user/freeze-account HTTP/1.1" 403 856 "-" "PostmanRuntime/7.51.0"
::1 - - [09/Jan/2026:11:10:14 +0000] "DELETE /api/v1/user/freeze-account HTTP/1.1" 403 856 "-" "PostmanRuntime/7.51.0"
::1 - - [09/Jan/2026:11:10:15 +0000] "DELETE /api/v1/user/freeze-account HTTP/1.1" 403 856 "-" "PostmanRuntime/7.51.0"
::1 - - [09/Jan/2026:11:10:35 +0000] "DELETE /api/v1/user/freeze-account HTTP/1.1" 403 856 "-" "PostmanRuntime/7.51.0"
::1 - - [09/Jan/2026:11:10:36 +0000] "DELETE /api/v1/user/freeze-account HTTP/1.1" 403 856 "-" "PostmanRuntime/7.51.0"
